


ARM Macro Assembler    Page 1 


    1 00000000         ;/*!
    2 00000000         ;    \file    startup_gd32f30x_cl.s
    3 00000000         ;    \brief   start up file
    4 00000000         ;
    5 00000000         ;    \version 2017-02-10, V1.0.0, firmware for GD32F30x
    6 00000000         ;    \version 2018-10-10, V1.1.0, firmware for GD32F30x
    7 00000000         ;    \version 2018-12-25, V2.0.0, firmware for GD32F30x
    8 00000000         ;    \version 2020-09-30, V2.1.0, firmware for GD32F30x
    9 00000000         ;*/
   10 00000000         ;
   11 00000000         ;/*
   12 00000000         ;    Copyright (c) 2020, GigaDevice Semiconductor Inc.
   13 00000000         
   14 00000000         ;    Redistribution and use in source and binary forms, 
                       with or without modification, 
   15 00000000         ;are permitted provided that the following conditions ar
                       e met:
   16 00000000         ;
   17 00000000         ;    1. Redistributions of source code must retain the a
                       bove copyright notice, this 
   18 00000000         ;       list of conditions and the following disclaimer.
                       
   19 00000000         ;    2. Redistributions in binary form must reproduce th
                       e above copyright notice, 
   20 00000000         ;       this list of conditions and the following discla
                       imer in the documentation 
   21 00000000         ;       and/or other materials provided with the distrib
                       ution.
   22 00000000         ;    3. Neither the name of the copyright holder nor the
                        names of its contributors 
   23 00000000         ;       may be used to endorse or promote products deriv
                       ed from this software without 
   24 00000000         ;       specific prior written permission.
   25 00000000         ;
   26 00000000         ;    THIS SOFTWARE IS PROVIDED BY THE COPYRIGHT HOLDERS 
                       AND CONTRIBUTORS "AS IS" 
   27 00000000         ;AND ANY EXPRESS OR IMPLIED WARRANTIES, INCLUDING, BUT N
                       OT LIMITED TO, THE IMPLIED 
   28 00000000         ;WARRANTIES OF MERCHANTABILITY AND FITNESS FOR A PARTICU
                       LAR PURPOSE ARE DISCLAIMED. 
   29 00000000         ;IN NO EVENT SHALL THE COPYRIGHT HOLDER OR CONTRIBUTORS 
                       BE LIABLE FOR ANY DIRECT, 
   30 00000000         ;INDIRECT, INCIDENTAL, SPECIAL, EXEMPLARY, OR CONSEQUENT
                       IAL DAMAGES (INCLUDING, BUT 
   31 00000000         ;NOT LIMITED TO, PROCUREMENT OF SUBSTITUTE GOODS OR SERV
                       ICES; LOSS OF USE, DATA, OR 
   32 00000000         ;PROFITS; OR BUSINESS INTERRUPTION) HOWEVER CAUSED AND O
                       N ANY THEORY OF LIABILITY, 
   33 00000000         ;WHETHER IN CONTRACT, STRICT LIABILITY, OR TORT (INCLUDI
                       NG NEGLIGENCE OR OTHERWISE) 
   34 00000000         ;ARISING IN ANY WAY OUT OF THE USE OF THIS SOFTWARE, EVE
                       N IF ADVISED OF THE POSSIBILITY 
   35 00000000         ;OF SUCH DAMAGE.
   36 00000000         ;*/
   37 00000000         
   38 00000000         ; <h> Stack Configuration
   39 00000000         ;   <o> Stack Size (in Bytes) <0x0-0xFFFFFFFF:8>
   40 00000000         ; </h>
   41 00000000         



ARM Macro Assembler    Page 2 


   42 00000000 00000400 
                       Stack_Size
                               EQU              0x00000400
   43 00000000         
   44 00000000                 AREA             STACK, NOINIT, READWRITE, ALIGN
=3
   45 00000000         Stack_Mem
                               SPACE            Stack_Size
   46 00000400         __initial_sp
   47 00000400         
   48 00000400         
   49 00000400         ; <h> Heap Configuration
   50 00000400         ;   <o>  Heap Size (in Bytes) <0x0-0xFFFFFFFF:8>
   51 00000400         ; </h>
   52 00000400         
   53 00000400 00000400 
                       Heap_Size
                               EQU              0x00000400
   54 00000400         
   55 00000400                 AREA             HEAP, NOINIT, READWRITE, ALIGN=
3
   56 00000000         __heap_base
   57 00000000         Heap_Mem
                               SPACE            Heap_Size
   58 00000400         __heap_limit
   59 00000400         
   60 00000400                 PRESERVE8
   61 00000400                 THUMB
   62 00000400         
   63 00000400         ;               /* reset Vector Mapped to at Address 0 *
                       /
   64 00000400                 AREA             RESET, DATA, READONLY
   65 00000000                 EXPORT           __Vectors
   66 00000000                 EXPORT           __Vectors_End
   67 00000000                 EXPORT           __Vectors_Size
   68 00000000         
   69 00000000 00000000 
                       __Vectors
                               DCD              __initial_sp ; Top of Stack
   70 00000004 00000000        DCD              Reset_Handler ; Reset Handler
   71 00000008 00000000        DCD              NMI_Handler ; NMI Handler
   72 0000000C 00000000        DCD              HardFault_Handler ; Hard Fault 
                                                            Handler
   73 00000010 00000000        DCD              MemManage_Handler 
                                                            ; MPU Fault Handler
                                                            
   74 00000014 00000000        DCD              BusFault_Handler 
                                                            ; Bus Fault Handler
                                                            
   75 00000018 00000000        DCD              UsageFault_Handler ; Usage Faul
                                                            t Handler
   76 0000001C 00000000        DCD              0           ; Reserved
   77 00000020 00000000        DCD              0           ; Reserved
   78 00000024 00000000        DCD              0           ; Reserved
   79 00000028 00000000        DCD              0           ; Reserved
   80 0000002C 00000000        DCD              SVC_Handler ; SVCall Handler
   81 00000030 00000000        DCD              DebugMon_Handler ; Debug Monito
                                                            r Handler
   82 00000034 00000000        DCD              0           ; Reserved



ARM Macro Assembler    Page 3 


   83 00000038 00000000        DCD              PendSV_Handler ; PendSV Handler
                                                            
   84 0000003C 00000000        DCD              SysTick_Handler 
                                                            ; SysTick Handler
   85 00000040         
   86 00000040         ;               /* external interrupts handler */
   87 00000040 00000000        DCD              WWDGT_IRQHandler ; 16:Window Wa
                                                            tchdog Timer
   88 00000044 00000000        DCD              LVD_IRQHandler ; 17:LVD through
                                                             EXTI Line detect
   89 00000048 00000000        DCD              TAMPER_IRQHandler ; 18:Tamper t
                                                            hrough EXTI Line de
                                                            tect
   90 0000004C 00000000        DCD              RTC_IRQHandler ; 19:RTC through
                                                             EXTI Line
   91 00000050 00000000        DCD              FMC_IRQHandler ; 20:FMC
   92 00000054 00000000        DCD              RCU_CTC_IRQHandler 
                                                            ; 21:RCU and CTC
   93 00000058 00000000        DCD              EXTI0_IRQHandler 
                                                            ; 22:EXTI Line 0
   94 0000005C 00000000        DCD              EXTI1_IRQHandler 
                                                            ; 23:EXTI Line 1
   95 00000060 00000000        DCD              EXTI2_IRQHandler 
                                                            ; 24:EXTI Line 2
   96 00000064 00000000        DCD              EXTI3_IRQHandler 
                                                            ; 25:EXTI Line 3
   97 00000068 00000000        DCD              EXTI4_IRQHandler 
                                                            ; 26:EXTI Line 4
   98 0000006C 00000000        DCD              DMA0_Channel0_IRQHandler 
                                                            ; 27:DMA0 Channel0
   99 00000070 00000000        DCD              DMA0_Channel1_IRQHandler 
                                                            ; 28:DMA0 Channel1
  100 00000074 00000000        DCD              DMA0_Channel2_IRQHandler 
                                                            ; 29:DMA0 Channel2
  101 00000078 00000000        DCD              DMA0_Channel3_IRQHandler 
                                                            ; 30:DMA0 Channel3
  102 0000007C 00000000        DCD              DMA0_Channel4_IRQHandler 
                                                            ; 31:DMA0 Channel4
  103 00000080 00000000        DCD              DMA0_Channel5_IRQHandler 
                                                            ; 32:DMA0 Channel5
  104 00000084 00000000        DCD              DMA0_Channel6_IRQHandler 
                                                            ; 33:DMA0 Channel6
  105 00000088 00000000        DCD              ADC0_1_IRQHandler 
                                                            ; 34:ADC0 and ADC1
  106 0000008C 00000000        DCD              CAN0_TX_IRQHandler ; 35:CAN0 TX
                                                            
  107 00000090 00000000        DCD              CAN0_RX0_IRQHandler 
                                                            ; 36:CAN0 RX0
  108 00000094 00000000        DCD              CAN0_RX1_IRQHandler 
                                                            ; 37:CAN0 RX1
  109 00000098 00000000        DCD              CAN0_EWMC_IRQHandler 
                                                            ; 38:CAN0 EWMC
  110 0000009C 00000000        DCD              EXTI5_9_IRQHandler 
                                                            ; 39:EXTI5 to EXTI9
                                                            
  111 000000A0 00000000        DCD              TIMER0_BRK_TIMER8_IRQHandler ; 
                                                            40:TIMER0 Break and
                                                             TIMER8
  112 000000A4 00000000        DCD              TIMER0_UP_TIMER9_IRQHandler ; 4



ARM Macro Assembler    Page 4 


                                                            1:TIMER0 Update and
                                                             TIMER9
  113 000000A8 00000000        DCD              TIMER0_TRG_CMT_TIMER10_IRQHandl
er 
                                                            ; 42:TIMER0 Trigger
                                                             and Commutation an
                                                            d TIMER10
  114 000000AC 00000000        DCD              TIMER0_Channel_IRQHandler ; 43:
                                                            TIMER0 Channel Capt
                                                            ure Compare
  115 000000B0 00000000        DCD              TIMER1_IRQHandler ; 44:TIMER1
  116 000000B4 00000000        DCD              TIMER2_IRQHandler ; 45:TIMER2
  117 000000B8 00000000        DCD              TIMER3_IRQHandler ; 46:TIMER3
  118 000000BC 00000000        DCD              I2C0_EV_IRQHandler 
                                                            ; 47:I2C0 Event
  119 000000C0 00000000        DCD              I2C0_ER_IRQHandler 
                                                            ; 48:I2C0 Error
  120 000000C4 00000000        DCD              I2C1_EV_IRQHandler 
                                                            ; 49:I2C1 Event
  121 000000C8 00000000        DCD              I2C1_ER_IRQHandler 
                                                            ; 50:I2C1 Error
  122 000000CC 00000000        DCD              SPI0_IRQHandler ; 51:SPI0
  123 000000D0 00000000        DCD              SPI1_IRQHandler ; 52:SPI1
  124 000000D4 00000000        DCD              USART0_IRQHandler ; 53:USART0
  125 000000D8 00000000        DCD              USART1_IRQHandler ; 54:USART1
  126 000000DC 00000000        DCD              USART2_IRQHandler ; 55:USART2
  127 000000E0 00000000        DCD              EXTI10_15_IRQHandler ; 56:EXTI1
                                                            0 to EXTI15
  128 000000E4 00000000        DCD              RTC_Alarm_IRQHandler 
                                                            ; 57:RTC Alarm
  129 000000E8 00000000        DCD              USBFS_WKUP_IRQHandler 
                                                            ; 58:USBFS Wakeup
  130 000000EC 00000000        DCD              TIMER7_BRK_TIMER11_IRQHandler ;
                                                             59:TIMER7 Break an
                                                            d TIMER11
  131 000000F0 00000000        DCD              TIMER7_UP_TIMER12_IRQHandler ; 
                                                            60:TIMER7 Update an
                                                            d TIMER12
  132 000000F4 00000000        DCD              TIMER7_TRG_CMT_TIMER13_IRQHandl
er 
                                                            ; 61:TIMER7 Trigger
                                                             and Commutation an
                                                            d TIMER13
  133 000000F8 00000000        DCD              TIMER7_Channel_IRQHandler ; 62:
                                                            TIMER7 Channel Capt
                                                            ure Compare
  134 000000FC 00000000        DCD              0           ; Reserved
  135 00000100 00000000        DCD              EXMC_IRQHandler ; 64:EXMC
  136 00000104 00000000        DCD              0           ; Reserved
  137 00000108 00000000        DCD              TIMER4_IRQHandler ; 66:TIMER4
  138 0000010C 00000000        DCD              SPI2_IRQHandler ; 67:SPI2
  139 00000110 00000000        DCD              UART3_IRQHandler ; 68:UART3
  140 00000114 00000000        DCD              UART4_IRQHandler ; 69:UART4
  141 00000118 00000000        DCD              TIMER5_IRQHandler ; 70:TIMER5 
  142 0000011C 00000000        DCD              TIMER6_IRQHandler ; 71:TIMER6
  143 00000120 00000000        DCD              DMA1_Channel0_IRQHandler 
                                                            ; 72:DMA1 Channel0
  144 00000124 00000000        DCD              DMA1_Channel1_IRQHandler 
                                                            ; 73:DMA1 Channel1



ARM Macro Assembler    Page 5 


  145 00000128 00000000        DCD              DMA1_Channel2_IRQHandler 
                                                            ; 74:DMA1 Channel2
  146 0000012C 00000000        DCD              DMA1_Channel3_IRQHandler 
                                                            ; 75:DMA1 Channel3
  147 00000130 00000000        DCD              DMA1_Channel4_IRQHandler 
                                                            ; 76:DMA1 Channel4
  148 00000134 00000000        DCD              ENET_IRQHandler ; 77:Ethernet
  149 00000138 00000000        DCD              ENET_WKUP_IRQHandler ; 78:Ether
                                                            net Wakeup through 
                                                            EXTI Line
  150 0000013C 00000000        DCD              CAN1_TX_IRQHandler ; 79:CAN1 TX
                                                            
  151 00000140 00000000        DCD              CAN1_RX0_IRQHandler 
                                                            ; 80:CAN1 RX0
  152 00000144 00000000        DCD              CAN1_RX1_IRQHandler 
                                                            ; 81:CAN1 RX1
  153 00000148 00000000        DCD              CAN1_EWMC_IRQHandler 
                                                            ; 82:CAN1 EWMC
  154 0000014C 00000000        DCD              USBFS_IRQHandler ; 83:USBFS
  155 00000150         
  156 00000150         __Vectors_End
  157 00000150         
  158 00000150 00000150 
                       __Vectors_Size
                               EQU              __Vectors_End - __Vectors
  159 00000150         
  160 00000150                 AREA             |.text|, CODE, READONLY
  161 00000000         
  162 00000000         ;/* reset Handler */
  163 00000000         Reset_Handler
                               PROC
  164 00000000                 EXPORT           Reset_Handler                  
   [WEAK]
  165 00000000                 IMPORT           SystemInit
  166 00000000                 IMPORT           __main
  167 00000000 4806            LDR              R0, =SystemInit
  168 00000002 4780            BLX              R0
  169 00000004 4806            LDR              R0, =__main
  170 00000006 4700            BX               R0
  171 00000008                 ENDP
  172 00000008         
  173 00000008         ;/* dummy Exception Handlers */
  174 00000008         NMI_Handler
                               PROC
  175 00000008                 EXPORT           NMI_Handler                    
   [WEAK]
  176 00000008 E7FE            B                .
  177 0000000A                 ENDP
  179 0000000A         HardFault_Handler
                               PROC
  180 0000000A                 EXPORT           HardFault_Handler              
   [WEAK]
  181 0000000A E7FE            B                .
  182 0000000C                 ENDP
  184 0000000C         MemManage_Handler
                               PROC
  185 0000000C                 EXPORT           MemManage_Handler              
   [WEAK]
  186 0000000C E7FE            B                .



ARM Macro Assembler    Page 6 


  187 0000000E                 ENDP
  189 0000000E         BusFault_Handler
                               PROC
  190 0000000E                 EXPORT           BusFault_Handler               
   [WEAK]
  191 0000000E E7FE            B                .
  192 00000010                 ENDP
  194 00000010         UsageFault_Handler
                               PROC
  195 00000010                 EXPORT           UsageFault_Handler             
   [WEAK]
  196 00000010 E7FE            B                .
  197 00000012                 ENDP
  198 00000012         SVC_Handler
                               PROC
  199 00000012                 EXPORT           SVC_Handler                    
   [WEAK]
  200 00000012 E7FE            B                .
  201 00000014                 ENDP
  203 00000014         DebugMon_Handler
                               PROC
  204 00000014                 EXPORT           DebugMon_Handler               
   [WEAK]
  205 00000014 E7FE            B                .
  206 00000016                 ENDP
  208 00000016         PendSV_Handler
                               PROC
  209 00000016                 EXPORT           PendSV_Handler                 
   [WEAK]
  210 00000016 E7FE            B                .
  211 00000018                 ENDP
  213 00000018         SysTick_Handler
                               PROC
  214 00000018                 EXPORT           SysTick_Handler                
   [WEAK]
  215 00000018 E7FE            B                .
  216 0000001A                 ENDP
  217 0000001A         
  218 0000001A         Default_Handler
                               PROC
  219 0000001A         ;               /* external interrupts handler */
  220 0000001A                 EXPORT           WWDGT_IRQHandler               
   [WEAK]
  221 0000001A                 EXPORT           LVD_IRQHandler                 
   [WEAK]
  222 0000001A                 EXPORT           TAMPER_IRQHandler              
   [WEAK]
  223 0000001A                 EXPORT           RTC_IRQHandler                 
   [WEAK]
  224 0000001A                 EXPORT           FMC_IRQHandler                 
   [WEAK]
  225 0000001A                 EXPORT           RCU_CTC_IRQHandler             
   [WEAK]
  226 0000001A                 EXPORT           EXTI0_IRQHandler               
   [WEAK]
  227 0000001A                 EXPORT           EXTI1_IRQHandler               
   [WEAK]
  228 0000001A                 EXPORT           EXTI2_IRQHandler               
   [WEAK]



ARM Macro Assembler    Page 7 


  229 0000001A                 EXPORT           EXTI3_IRQHandler               
   [WEAK]
  230 0000001A                 EXPORT           EXTI4_IRQHandler               
   [WEAK]
  231 0000001A                 EXPORT           DMA0_Channel0_IRQHandler       
   [WEAK]
  232 0000001A                 EXPORT           DMA0_Channel1_IRQHandler       
   [WEAK]
  233 0000001A                 EXPORT           DMA0_Channel2_IRQHandler       
   [WEAK]
  234 0000001A                 EXPORT           DMA0_Channel3_IRQHandler       
   [WEAK]
  235 0000001A                 EXPORT           DMA0_Channel4_IRQHandler       
   [WEAK]
  236 0000001A                 EXPORT           DMA0_Channel5_IRQHandler       
   [WEAK]
  237 0000001A                 EXPORT           DMA0_Channel6_IRQHandler       
   [WEAK]
  238 0000001A                 EXPORT           ADC0_1_IRQHandler              
   [WEAK]
  239 0000001A                 EXPORT           CAN0_TX_IRQHandler             
   [WEAK]
  240 0000001A                 EXPORT           CAN0_RX0_IRQHandler            
   [WEAK]
  241 0000001A                 EXPORT           CAN0_RX1_IRQHandler            
   [WEAK]
  242 0000001A                 EXPORT           CAN0_EWMC_IRQHandler           
   [WEAK]
  243 0000001A                 EXPORT           EXTI5_9_IRQHandler             
   [WEAK]
  244 0000001A                 EXPORT           TIMER0_BRK_TIMER8_IRQHandler   
   [WEAK]
  245 0000001A                 EXPORT           TIMER0_UP_TIMER9_IRQHandler    
   [WEAK]
  246 0000001A                 EXPORT           TIMER0_TRG_CMT_TIMER10_IRQHandl
er [WEAK]
  247 0000001A                 EXPORT           TIMER0_Channel_IRQHandler      
   [WEAK]
  248 0000001A                 EXPORT           TIMER1_IRQHandler              
   [WEAK]
  249 0000001A                 EXPORT           TIMER2_IRQHandler              
   [WEAK]
  250 0000001A                 EXPORT           TIMER3_IRQHandler              
   [WEAK]
  251 0000001A                 EXPORT           I2C0_EV_IRQHandler             
   [WEAK]
  252 0000001A                 EXPORT           I2C0_ER_IRQHandler             
   [WEAK]
  253 0000001A                 EXPORT           I2C1_EV_IRQHandler             
   [WEAK]
  254 0000001A                 EXPORT           I2C1_ER_IRQHandler             
   [WEAK]
  255 0000001A                 EXPORT           SPI0_IRQHandler                
   [WEAK]
  256 0000001A                 EXPORT           SPI1_IRQHandler                
   [WEAK]
  257 0000001A                 EXPORT           USART0_IRQHandler              
   [WEAK]
  258 0000001A                 EXPORT           USART1_IRQHandler              



ARM Macro Assembler    Page 8 


   [WEAK]
  259 0000001A                 EXPORT           USART2_IRQHandler              
   [WEAK]
  260 0000001A                 EXPORT           EXTI10_15_IRQHandler           
   [WEAK]
  261 0000001A                 EXPORT           RTC_Alarm_IRQHandler           
   [WEAK]
  262 0000001A                 EXPORT           USBFS_WKUP_IRQHandler          
   [WEAK]
  263 0000001A                 EXPORT           TIMER7_BRK_TIMER11_IRQHandler  
   [WEAK]
  264 0000001A                 EXPORT           TIMER7_UP_TIMER12_IRQHandler   
   [WEAK]
  265 0000001A                 EXPORT           TIMER7_TRG_CMT_TIMER13_IRQHandl
er [WEAK]
  266 0000001A                 EXPORT           TIMER7_Channel_IRQHandler      
   [WEAK]
  267 0000001A                 EXPORT           EXMC_IRQHandler                
   [WEAK]
  268 0000001A                 EXPORT           TIMER4_IRQHandler              
   [WEAK]
  269 0000001A                 EXPORT           SPI2_IRQHandler                
   [WEAK]
  270 0000001A                 EXPORT           UART3_IRQHandler               
   [WEAK]
  271 0000001A                 EXPORT           UART4_IRQHandler               
   [WEAK]
  272 0000001A                 EXPORT           TIMER5_IRQHandler              
   [WEAK]
  273 0000001A                 EXPORT           TIMER6_IRQHandler              
   [WEAK]
  274 0000001A                 EXPORT           DMA1_Channel0_IRQHandler       
   [WEAK]
  275 0000001A                 EXPORT           DMA1_Channel1_IRQHandler       
   [WEAK]
  276 0000001A                 EXPORT           DMA1_Channel2_IRQHandler       
   [WEAK]
  277 0000001A                 EXPORT           DMA1_Channel3_IRQHandler       
   [WEAK]
  278 0000001A                 EXPORT           DMA1_Channel4_IRQHandler       
   [WEAK]
  279 0000001A                 EXPORT           ENET_IRQHandler                
   [WEAK]
  280 0000001A                 EXPORT           ENET_WKUP_IRQHandler           
   [WEAK]
  281 0000001A                 EXPORT           CAN1_TX_IRQHandler             
   [WEAK]
  282 0000001A                 EXPORT           CAN1_RX0_IRQHandler            
   [WEAK]
  283 0000001A                 EXPORT           CAN1_RX1_IRQHandler            
   [WEAK]
  284 0000001A                 EXPORT           CAN1_EWMC_IRQHandler           
   [WEAK]
  285 0000001A                 EXPORT           USBFS_IRQHandler               
   [WEAK]
  286 0000001A         
  287 0000001A         ;/* external interrupts handler */
  288 0000001A         WWDGT_IRQHandler
  289 0000001A         LVD_IRQHandler



ARM Macro Assembler    Page 9 


  290 0000001A         TAMPER_IRQHandler
  291 0000001A         RTC_IRQHandler
  292 0000001A         FMC_IRQHandler
  293 0000001A         RCU_CTC_IRQHandler
  294 0000001A         EXTI0_IRQHandler
  295 0000001A         EXTI1_IRQHandler
  296 0000001A         EXTI2_IRQHandler
  297 0000001A         EXTI3_IRQHandler
  298 0000001A         EXTI4_IRQHandler
  299 0000001A         DMA0_Channel0_IRQHandler
  300 0000001A         DMA0_Channel1_IRQHandler
  301 0000001A         DMA0_Channel2_IRQHandler
  302 0000001A         DMA0_Channel3_IRQHandler
  303 0000001A         DMA0_Channel4_IRQHandler
  304 0000001A         DMA0_Channel5_IRQHandler
  305 0000001A         DMA0_Channel6_IRQHandler
  306 0000001A         ADC0_1_IRQHandler
  307 0000001A         CAN0_TX_IRQHandler
  308 0000001A         CAN0_RX0_IRQHandler
  309 0000001A         CAN0_RX1_IRQHandler
  310 0000001A         CAN0_EWMC_IRQHandler
  311 0000001A         EXTI5_9_IRQHandler
  312 0000001A         TIMER0_BRK_TIMER8_IRQHandler
  313 0000001A         TIMER0_UP_TIMER9_IRQHandler
  314 0000001A         TIMER0_TRG_CMT_TIMER10_IRQHandler
  315 0000001A         TIMER0_Channel_IRQHandler
  316 0000001A         TIMER1_IRQHandler
  317 0000001A         TIMER2_IRQHandler
  318 0000001A         TIMER3_IRQHandler
  319 0000001A         I2C0_EV_IRQHandler
  320 0000001A         I2C0_ER_IRQHandler
  321 0000001A         I2C1_EV_IRQHandler
  322 0000001A         I2C1_ER_IRQHandler
  323 0000001A         SPI0_IRQHandler
  324 0000001A         SPI1_IRQHandler
  325 0000001A         USART0_IRQHandler
  326 0000001A         USART1_IRQHandler
  327 0000001A         USART2_IRQHandler
  328 0000001A         EXTI10_15_IRQHandler
  329 0000001A         RTC_Alarm_IRQHandler
  330 0000001A         USBFS_WKUP_IRQHandler
  331 0000001A         TIMER7_BRK_TIMER11_IRQHandler
  332 0000001A         TIMER7_UP_TIMER12_IRQHandler
  333 0000001A         TIMER7_TRG_CMT_TIMER13_IRQHandler
  334 0000001A         TIMER7_Channel_IRQHandler
  335 0000001A         EXMC_IRQHandler
  336 0000001A         TIMER4_IRQHandler
  337 0000001A         SPI2_IRQHandler
  338 0000001A         UART3_IRQHandler
  339 0000001A         UART4_IRQHandler
  340 0000001A         TIMER5_IRQHandler
  341 0000001A         TIMER6_IRQHandler
  342 0000001A         DMA1_Channel0_IRQHandler
  343 0000001A         DMA1_Channel1_IRQHandler
  344 0000001A         DMA1_Channel2_IRQHandler
  345 0000001A         DMA1_Channel3_IRQHandler
  346 0000001A         DMA1_Channel4_IRQHandler
  347 0000001A         ENET_IRQHandler
  348 0000001A         ENET_WKUP_IRQHandler



ARM Macro Assembler    Page 10 


  349 0000001A         CAN1_TX_IRQHandler
  350 0000001A         CAN1_RX0_IRQHandler
  351 0000001A         CAN1_RX1_IRQHandler
  352 0000001A         CAN1_EWMC_IRQHandler
  353 0000001A         USBFS_IRQHandler
  354 0000001A         
  355 0000001A E7FE            B                .
  356 0000001C                 ENDP
  357 0000001C         
  358 0000001C                 ALIGN
  359 0000001C         
  360 0000001C         ; user Initial Stack & Heap
  361 0000001C         
  362 0000001C                 IF               :DEF:__MICROLIB
  363 0000001C         
  364 0000001C                 EXPORT           __initial_sp
  365 0000001C                 EXPORT           __heap_base
  366 0000001C                 EXPORT           __heap_limit
  367 0000001C         
  368 0000001C                 ELSE
  383                          ENDIF
  384 0000001C         
  385 0000001C                 END
              00000000 
              00000000 
Command Line: --debug --xref --diag_suppress=9931 --cpu=Cortex-M4.fp --apcs=int
erwork --depend=.\output\startup_gd32f30x_cl.d -o.\output\startup_gd32f30x_cl.o
 -ID:\workspace\GD32F30x_Test\Library\Template\Keil_project\RTE -IC:\Keil_v5\AR
M\PACK\ARM\CMSIS\5.8.0\CMSIS\Core\Include -IC:\Keil_v5\ARM\PACK\GigaDevice\GD32
F30x_DFP\2.1.0\Device\Include --predefine="__MICROLIB SETA 1" --predefine="__UV
ISION_VERSION SETA 515" --predefine="_RTE_ SETA 1" --predefine="GD32F30X_HD SET
A 1" --list=.\list\startup_gd32f30x_cl.lst ..\..\Firmware\CMSIS\GD\GD32F30x\Sou
rce\ARM\startup_gd32f30x_cl.s



ARM Macro Assembler    Page 1 Alphabetic symbol ordering
Relocatable symbols

STACK 00000000

Symbol: STACK
   Definitions
      At line 44 in file ..\..\Firmware\CMSIS\GD\GD32F30x\Source\ARM\startup_gd
32f30x_cl.s
   Uses
      None
Comment: STACK unused
Stack_Mem 00000000

Symbol: Stack_Mem
   Definitions
      At line 45 in file ..\..\Firmware\CMSIS\GD\GD32F30x\Source\ARM\startup_gd
32f30x_cl.s
   Uses
      None
Comment: Stack_Mem unused
__initial_sp 00000400

Symbol: __initial_sp
   Definitions
      At line 46 in file ..\..\Firmware\CMSIS\GD\GD32F30x\Source\ARM\startup_gd
32f30x_cl.s
   Uses
      At line 69 in file ..\..\Firmware\CMSIS\GD\GD32F30x\Source\ARM\startup_gd
32f30x_cl.s
      At line 364 in file ..\..\Firmware\CMSIS\GD\GD32F30x\Source\ARM\startup_g
d32f30x_cl.s

3 symbols



ARM Macro Assembler    Page 1 Alphabetic symbol ordering
Relocatable symbols

HEAP 00000000

Symbol: HEAP
   Definitions
      At line 55 in file ..\..\Firmware\CMSIS\GD\GD32F30x\Source\ARM\startup_gd
32f30x_cl.s
   Uses
      None
Comment: HEAP unused
Heap_Mem 00000000

Symbol: Heap_Mem
   Definitions
      At line 57 in file ..\..\Firmware\CMSIS\GD\GD32F30x\Source\ARM\startup_gd
32f30x_cl.s
   Uses
      None
Comment: Heap_Mem unused
__heap_base 00000000

Symbol: __heap_base
   Definitions
      At line 56 in file ..\..\Firmware\CMSIS\GD\GD32F30x\Source\ARM\startup_gd
32f30x_cl.s
   Uses
      At line 365 in file ..\..\Firmware\CMSIS\GD\GD32F30x\Source\ARM\startup_g
d32f30x_cl.s
Comment: __heap_base used once
__heap_limit 00000400

Symbol: __heap_limit
   Definitions
      At line 58 in file ..\..\Firmware\CMSIS\GD\GD32F30x\Source\ARM\startup_gd
32f30x_cl.s
   Uses
      At line 366 in file ..\..\Firmware\CMSIS\GD\GD32F30x\Source\ARM\startup_g
d32f30x_cl.s
Comment: __heap_limit used once
4 symbols



ARM Macro Assembler    Page 1 Alphabetic symbol ordering
Relocatable symbols

RESET 00000000

Symbol: RESET
   Definitions
      At line 64 in file ..\..\Firmware\CMSIS\GD\GD32F30x\Source\ARM\startup_gd
32f30x_cl.s
   Uses
      None
Comment: RESET unused
__Vectors 00000000

Symbol: __Vectors
   Definitions
      At line 69 in file ..\..\Firmware\CMSIS\GD\GD32F30x\Source\ARM\startup_gd
32f30x_cl.s
   Uses
      At line 65 in file ..\..\Firmware\CMSIS\GD\GD32F30x\Source\ARM\startup_gd
32f30x_cl.s
      At line 158 in file ..\..\Firmware\CMSIS\GD\GD32F30x\Source\ARM\startup_g
d32f30x_cl.s

__Vectors_End 00000150

Symbol: __Vectors_End
   Definitions
      At line 156 in file ..\..\Firmware\CMSIS\GD\GD32F30x\Source\ARM\startup_g
d32f30x_cl.s
   Uses
      At line 66 in file ..\..\Firmware\CMSIS\GD\GD32F30x\Source\ARM\startup_gd
32f30x_cl.s
      At line 158 in file ..\..\Firmware\CMSIS\GD\GD32F30x\Source\ARM\startup_g
d32f30x_cl.s

3 symbols



ARM Macro Assembler    Page 1 Alphabetic symbol ordering
Relocatable symbols

.text 00000000

Symbol: .text
   Definitions
      At line 160 in file ..\..\Firmware\CMSIS\GD\GD32F30x\Source\ARM\startup_g
d32f30x_cl.s
   Uses
      None
Comment: .text unused
ADC0_1_IRQHandler 0000001A

Symbol: ADC0_1_IRQHandler
   Definitions
      At line 306 in file ..\..\Firmware\CMSIS\GD\GD32F30x\Source\ARM\startup_g
d32f30x_cl.s
   Uses
      At line 105 in file ..\..\Firmware\CMSIS\GD\GD32F30x\Source\ARM\startup_g
d32f30x_cl.s
      At line 238 in file ..\..\Firmware\CMSIS\GD\GD32F30x\Source\ARM\startup_g
d32f30x_cl.s

BusFault_Handler 0000000E

Symbol: BusFault_Handler
   Definitions
      At line 189 in file ..\..\Firmware\CMSIS\GD\GD32F30x\Source\ARM\startup_g
d32f30x_cl.s
   Uses
      At line 74 in file ..\..\Firmware\CMSIS\GD\GD32F30x\Source\ARM\startup_gd
32f30x_cl.s
      At line 190 in file ..\..\Firmware\CMSIS\GD\GD32F30x\Source\ARM\startup_g
d32f30x_cl.s

CAN0_EWMC_IRQHandler 0000001A

Symbol: CAN0_EWMC_IRQHandler
   Definitions
      At line 310 in file ..\..\Firmware\CMSIS\GD\GD32F30x\Source\ARM\startup_g
d32f30x_cl.s
   Uses
      At line 109 in file ..\..\Firmware\CMSIS\GD\GD32F30x\Source\ARM\startup_g
d32f30x_cl.s
      At line 242 in file ..\..\Firmware\CMSIS\GD\GD32F30x\Source\ARM\startup_g
d32f30x_cl.s

CAN0_RX0_IRQHandler 0000001A

Symbol: CAN0_RX0_IRQHandler
   Definitions
      At line 308 in file ..\..\Firmware\CMSIS\GD\GD32F30x\Source\ARM\startup_g
d32f30x_cl.s
   Uses
      At line 107 in file ..\..\Firmware\CMSIS\GD\GD32F30x\Source\ARM\startup_g
d32f30x_cl.s
      At line 240 in file ..\..\Firmware\CMSIS\GD\GD32F30x\Source\ARM\startup_g
d32f30x_cl.s

CAN0_RX1_IRQHandler 0000001A




ARM Macro Assembler    Page 2 Alphabetic symbol ordering
Relocatable symbols

Symbol: CAN0_RX1_IRQHandler
   Definitions
      At line 309 in file ..\..\Firmware\CMSIS\GD\GD32F30x\Source\ARM\startup_g
d32f30x_cl.s
   Uses
      At line 108 in file ..\..\Firmware\CMSIS\GD\GD32F30x\Source\ARM\startup_g
d32f30x_cl.s
      At line 241 in file ..\..\Firmware\CMSIS\GD\GD32F30x\Source\ARM\startup_g
d32f30x_cl.s

CAN0_TX_IRQHandler 0000001A

Symbol: CAN0_TX_IRQHandler
   Definitions
      At line 307 in file ..\..\Firmware\CMSIS\GD\GD32F30x\Source\ARM\startup_g
d32f30x_cl.s
   Uses
      At line 106 in file ..\..\Firmware\CMSIS\GD\GD32F30x\Source\ARM\startup_g
d32f30x_cl.s
      At line 239 in file ..\..\Firmware\CMSIS\GD\GD32F30x\Source\ARM\startup_g
d32f30x_cl.s

CAN1_EWMC_IRQHandler 0000001A

Symbol: CAN1_EWMC_IRQHandler
   Definitions
      At line 352 in file ..\..\Firmware\CMSIS\GD\GD32F30x\Source\ARM\startup_g
d32f30x_cl.s
   Uses
      At line 153 in file ..\..\Firmware\CMSIS\GD\GD32F30x\Source\ARM\startup_g
d32f30x_cl.s
      At line 284 in file ..\..\Firmware\CMSIS\GD\GD32F30x\Source\ARM\startup_g
d32f30x_cl.s

CAN1_RX0_IRQHandler 0000001A

Symbol: CAN1_RX0_IRQHandler
   Definitions
      At line 350 in file ..\..\Firmware\CMSIS\GD\GD32F30x\Source\ARM\startup_g
d32f30x_cl.s
   Uses
      At line 151 in file ..\..\Firmware\CMSIS\GD\GD32F30x\Source\ARM\startup_g
d32f30x_cl.s
      At line 282 in file ..\..\Firmware\CMSIS\GD\GD32F30x\Source\ARM\startup_g
d32f30x_cl.s

CAN1_RX1_IRQHandler 0000001A

Symbol: CAN1_RX1_IRQHandler
   Definitions
      At line 351 in file ..\..\Firmware\CMSIS\GD\GD32F30x\Source\ARM\startup_g
d32f30x_cl.s
   Uses
      At line 152 in file ..\..\Firmware\CMSIS\GD\GD32F30x\Source\ARM\startup_g
d32f30x_cl.s
      At line 283 in file ..\..\Firmware\CMSIS\GD\GD32F30x\Source\ARM\startup_g
d32f30x_cl.s

CAN1_TX_IRQHandler 0000001A



ARM Macro Assembler    Page 3 Alphabetic symbol ordering
Relocatable symbols


Symbol: CAN1_TX_IRQHandler
   Definitions
      At line 349 in file ..\..\Firmware\CMSIS\GD\GD32F30x\Source\ARM\startup_g
d32f30x_cl.s
   Uses
      At line 150 in file ..\..\Firmware\CMSIS\GD\GD32F30x\Source\ARM\startup_g
d32f30x_cl.s
      At line 281 in file ..\..\Firmware\CMSIS\GD\GD32F30x\Source\ARM\startup_g
d32f30x_cl.s

DMA0_Channel0_IRQHandler 0000001A

Symbol: DMA0_Channel0_IRQHandler
   Definitions
      At line 299 in file ..\..\Firmware\CMSIS\GD\GD32F30x\Source\ARM\startup_g
d32f30x_cl.s
   Uses
      At line 98 in file ..\..\Firmware\CMSIS\GD\GD32F30x\Source\ARM\startup_gd
32f30x_cl.s
      At line 231 in file ..\..\Firmware\CMSIS\GD\GD32F30x\Source\ARM\startup_g
d32f30x_cl.s

DMA0_Channel1_IRQHandler 0000001A

Symbol: DMA0_Channel1_IRQHandler
   Definitions
      At line 300 in file ..\..\Firmware\CMSIS\GD\GD32F30x\Source\ARM\startup_g
d32f30x_cl.s
   Uses
      At line 99 in file ..\..\Firmware\CMSIS\GD\GD32F30x\Source\ARM\startup_gd
32f30x_cl.s
      At line 232 in file ..\..\Firmware\CMSIS\GD\GD32F30x\Source\ARM\startup_g
d32f30x_cl.s

DMA0_Channel2_IRQHandler 0000001A

Symbol: DMA0_Channel2_IRQHandler
   Definitions
      At line 301 in file ..\..\Firmware\CMSIS\GD\GD32F30x\Source\ARM\startup_g
d32f30x_cl.s
   Uses
      At line 100 in file ..\..\Firmware\CMSIS\GD\GD32F30x\Source\ARM\startup_g
d32f30x_cl.s
      At line 233 in file ..\..\Firmware\CMSIS\GD\GD32F30x\Source\ARM\startup_g
d32f30x_cl.s

DMA0_Channel3_IRQHandler 0000001A

Symbol: DMA0_Channel3_IRQHandler
   Definitions
      At line 302 in file ..\..\Firmware\CMSIS\GD\GD32F30x\Source\ARM\startup_g
d32f30x_cl.s
   Uses
      At line 101 in file ..\..\Firmware\CMSIS\GD\GD32F30x\Source\ARM\startup_g
d32f30x_cl.s
      At line 234 in file ..\..\Firmware\CMSIS\GD\GD32F30x\Source\ARM\startup_g
d32f30x_cl.s




ARM Macro Assembler    Page 4 Alphabetic symbol ordering
Relocatable symbols

DMA0_Channel4_IRQHandler 0000001A

Symbol: DMA0_Channel4_IRQHandler
   Definitions
      At line 303 in file ..\..\Firmware\CMSIS\GD\GD32F30x\Source\ARM\startup_g
d32f30x_cl.s
   Uses
      At line 102 in file ..\..\Firmware\CMSIS\GD\GD32F30x\Source\ARM\startup_g
d32f30x_cl.s
      At line 235 in file ..\..\Firmware\CMSIS\GD\GD32F30x\Source\ARM\startup_g
d32f30x_cl.s

DMA0_Channel5_IRQHandler 0000001A

Symbol: DMA0_Channel5_IRQHandler
   Definitions
      At line 304 in file ..\..\Firmware\CMSIS\GD\GD32F30x\Source\ARM\startup_g
d32f30x_cl.s
   Uses
      At line 103 in file ..\..\Firmware\CMSIS\GD\GD32F30x\Source\ARM\startup_g
d32f30x_cl.s
      At line 236 in file ..\..\Firmware\CMSIS\GD\GD32F30x\Source\ARM\startup_g
d32f30x_cl.s

DMA0_Channel6_IRQHandler 0000001A

Symbol: DMA0_Channel6_IRQHandler
   Definitions
      At line 305 in file ..\..\Firmware\CMSIS\GD\GD32F30x\Source\ARM\startup_g
d32f30x_cl.s
   Uses
      At line 104 in file ..\..\Firmware\CMSIS\GD\GD32F30x\Source\ARM\startup_g
d32f30x_cl.s
      At line 237 in file ..\..\Firmware\CMSIS\GD\GD32F30x\Source\ARM\startup_g
d32f30x_cl.s

DMA1_Channel0_IRQHandler 0000001A

Symbol: DMA1_Channel0_IRQHandler
   Definitions
      At line 342 in file ..\..\Firmware\CMSIS\GD\GD32F30x\Source\ARM\startup_g
d32f30x_cl.s
   Uses
      At line 143 in file ..\..\Firmware\CMSIS\GD\GD32F30x\Source\ARM\startup_g
d32f30x_cl.s
      At line 274 in file ..\..\Firmware\CMSIS\GD\GD32F30x\Source\ARM\startup_g
d32f30x_cl.s

DMA1_Channel1_IRQHandler 0000001A

Symbol: DMA1_Channel1_IRQHandler
   Definitions
      At line 343 in file ..\..\Firmware\CMSIS\GD\GD32F30x\Source\ARM\startup_g
d32f30x_cl.s
   Uses
      At line 144 in file ..\..\Firmware\CMSIS\GD\GD32F30x\Source\ARM\startup_g
d32f30x_cl.s
      At line 275 in file ..\..\Firmware\CMSIS\GD\GD32F30x\Source\ARM\startup_g
d32f30x_cl.s



ARM Macro Assembler    Page 5 Alphabetic symbol ordering
Relocatable symbols


DMA1_Channel2_IRQHandler 0000001A

Symbol: DMA1_Channel2_IRQHandler
   Definitions
      At line 344 in file ..\..\Firmware\CMSIS\GD\GD32F30x\Source\ARM\startup_g
d32f30x_cl.s
   Uses
      At line 145 in file ..\..\Firmware\CMSIS\GD\GD32F30x\Source\ARM\startup_g
d32f30x_cl.s
      At line 276 in file ..\..\Firmware\CMSIS\GD\GD32F30x\Source\ARM\startup_g
d32f30x_cl.s

DMA1_Channel3_IRQHandler 0000001A

Symbol: DMA1_Channel3_IRQHandler
   Definitions
      At line 345 in file ..\..\Firmware\CMSIS\GD\GD32F30x\Source\ARM\startup_g
d32f30x_cl.s
   Uses
      At line 146 in file ..\..\Firmware\CMSIS\GD\GD32F30x\Source\ARM\startup_g
d32f30x_cl.s
      At line 277 in file ..\..\Firmware\CMSIS\GD\GD32F30x\Source\ARM\startup_g
d32f30x_cl.s

DMA1_Channel4_IRQHandler 0000001A

Symbol: DMA1_Channel4_IRQHandler
   Definitions
      At line 346 in file ..\..\Firmware\CMSIS\GD\GD32F30x\Source\ARM\startup_g
d32f30x_cl.s
   Uses
      At line 147 in file ..\..\Firmware\CMSIS\GD\GD32F30x\Source\ARM\startup_g
d32f30x_cl.s
      At line 278 in file ..\..\Firmware\CMSIS\GD\GD32F30x\Source\ARM\startup_g
d32f30x_cl.s

DebugMon_Handler 00000014

Symbol: DebugMon_Handler
   Definitions
      At line 203 in file ..\..\Firmware\CMSIS\GD\GD32F30x\Source\ARM\startup_g
d32f30x_cl.s
   Uses
      At line 81 in file ..\..\Firmware\CMSIS\GD\GD32F30x\Source\ARM\startup_gd
32f30x_cl.s
      At line 204 in file ..\..\Firmware\CMSIS\GD\GD32F30x\Source\ARM\startup_g
d32f30x_cl.s

Default_Handler 0000001A

Symbol: Default_Handler
   Definitions
      At line 218 in file ..\..\Firmware\CMSIS\GD\GD32F30x\Source\ARM\startup_g
d32f30x_cl.s
   Uses
      None
Comment: Default_Handler unused
ENET_IRQHandler 0000001A



ARM Macro Assembler    Page 6 Alphabetic symbol ordering
Relocatable symbols


Symbol: ENET_IRQHandler
   Definitions
      At line 347 in file ..\..\Firmware\CMSIS\GD\GD32F30x\Source\ARM\startup_g
d32f30x_cl.s
   Uses
      At line 148 in file ..\..\Firmware\CMSIS\GD\GD32F30x\Source\ARM\startup_g
d32f30x_cl.s
      At line 279 in file ..\..\Firmware\CMSIS\GD\GD32F30x\Source\ARM\startup_g
d32f30x_cl.s

ENET_WKUP_IRQHandler 0000001A

Symbol: ENET_WKUP_IRQHandler
   Definitions
      At line 348 in file ..\..\Firmware\CMSIS\GD\GD32F30x\Source\ARM\startup_g
d32f30x_cl.s
   Uses
      At line 149 in file ..\..\Firmware\CMSIS\GD\GD32F30x\Source\ARM\startup_g
d32f30x_cl.s
      At line 280 in file ..\..\Firmware\CMSIS\GD\GD32F30x\Source\ARM\startup_g
d32f30x_cl.s

EXMC_IRQHandler 0000001A

Symbol: EXMC_IRQHandler
   Definitions
      At line 335 in file ..\..\Firmware\CMSIS\GD\GD32F30x\Source\ARM\startup_g
d32f30x_cl.s
   Uses
      At line 135 in file ..\..\Firmware\CMSIS\GD\GD32F30x\Source\ARM\startup_g
d32f30x_cl.s
      At line 267 in file ..\..\Firmware\CMSIS\GD\GD32F30x\Source\ARM\startup_g
d32f30x_cl.s

EXTI0_IRQHandler 0000001A

Symbol: EXTI0_IRQHandler
   Definitions
      At line 294 in file ..\..\Firmware\CMSIS\GD\GD32F30x\Source\ARM\startup_g
d32f30x_cl.s
   Uses
      At line 93 in file ..\..\Firmware\CMSIS\GD\GD32F30x\Source\ARM\startup_gd
32f30x_cl.s
      At line 226 in file ..\..\Firmware\CMSIS\GD\GD32F30x\Source\ARM\startup_g
d32f30x_cl.s

EXTI10_15_IRQHandler 0000001A

Symbol: EXTI10_15_IRQHandler
   Definitions
      At line 328 in file ..\..\Firmware\CMSIS\GD\GD32F30x\Source\ARM\startup_g
d32f30x_cl.s
   Uses
      At line 127 in file ..\..\Firmware\CMSIS\GD\GD32F30x\Source\ARM\startup_g
d32f30x_cl.s
      At line 260 in file ..\..\Firmware\CMSIS\GD\GD32F30x\Source\ARM\startup_g
d32f30x_cl.s




ARM Macro Assembler    Page 7 Alphabetic symbol ordering
Relocatable symbols

EXTI1_IRQHandler 0000001A

Symbol: EXTI1_IRQHandler
   Definitions
      At line 295 in file ..\..\Firmware\CMSIS\GD\GD32F30x\Source\ARM\startup_g
d32f30x_cl.s
   Uses
      At line 94 in file ..\..\Firmware\CMSIS\GD\GD32F30x\Source\ARM\startup_gd
32f30x_cl.s
      At line 227 in file ..\..\Firmware\CMSIS\GD\GD32F30x\Source\ARM\startup_g
d32f30x_cl.s

EXTI2_IRQHandler 0000001A

Symbol: EXTI2_IRQHandler
   Definitions
      At line 296 in file ..\..\Firmware\CMSIS\GD\GD32F30x\Source\ARM\startup_g
d32f30x_cl.s
   Uses
      At line 95 in file ..\..\Firmware\CMSIS\GD\GD32F30x\Source\ARM\startup_gd
32f30x_cl.s
      At line 228 in file ..\..\Firmware\CMSIS\GD\GD32F30x\Source\ARM\startup_g
d32f30x_cl.s

EXTI3_IRQHandler 0000001A

Symbol: EXTI3_IRQHandler
   Definitions
      At line 297 in file ..\..\Firmware\CMSIS\GD\GD32F30x\Source\ARM\startup_g
d32f30x_cl.s
   Uses
      At line 96 in file ..\..\Firmware\CMSIS\GD\GD32F30x\Source\ARM\startup_gd
32f30x_cl.s
      At line 229 in file ..\..\Firmware\CMSIS\GD\GD32F30x\Source\ARM\startup_g
d32f30x_cl.s

EXTI4_IRQHandler 0000001A

Symbol: EXTI4_IRQHandler
   Definitions
      At line 298 in file ..\..\Firmware\CMSIS\GD\GD32F30x\Source\ARM\startup_g
d32f30x_cl.s
   Uses
      At line 97 in file ..\..\Firmware\CMSIS\GD\GD32F30x\Source\ARM\startup_gd
32f30x_cl.s
      At line 230 in file ..\..\Firmware\CMSIS\GD\GD32F30x\Source\ARM\startup_g
d32f30x_cl.s

EXTI5_9_IRQHandler 0000001A

Symbol: EXTI5_9_IRQHandler
   Definitions
      At line 311 in file ..\..\Firmware\CMSIS\GD\GD32F30x\Source\ARM\startup_g
d32f30x_cl.s
   Uses
      At line 110 in file ..\..\Firmware\CMSIS\GD\GD32F30x\Source\ARM\startup_g
d32f30x_cl.s
      At line 243 in file ..\..\Firmware\CMSIS\GD\GD32F30x\Source\ARM\startup_g
d32f30x_cl.s



ARM Macro Assembler    Page 8 Alphabetic symbol ordering
Relocatable symbols


FMC_IRQHandler 0000001A

Symbol: FMC_IRQHandler
   Definitions
      At line 292 in file ..\..\Firmware\CMSIS\GD\GD32F30x\Source\ARM\startup_g
d32f30x_cl.s
   Uses
      At line 91 in file ..\..\Firmware\CMSIS\GD\GD32F30x\Source\ARM\startup_gd
32f30x_cl.s
      At line 224 in file ..\..\Firmware\CMSIS\GD\GD32F30x\Source\ARM\startup_g
d32f30x_cl.s

HardFault_Handler 0000000A

Symbol: HardFault_Handler
   Definitions
      At line 179 in file ..\..\Firmware\CMSIS\GD\GD32F30x\Source\ARM\startup_g
d32f30x_cl.s
   Uses
      At line 72 in file ..\..\Firmware\CMSIS\GD\GD32F30x\Source\ARM\startup_gd
32f30x_cl.s
      At line 180 in file ..\..\Firmware\CMSIS\GD\GD32F30x\Source\ARM\startup_g
d32f30x_cl.s

I2C0_ER_IRQHandler 0000001A

Symbol: I2C0_ER_IRQHandler
   Definitions
      At line 320 in file ..\..\Firmware\CMSIS\GD\GD32F30x\Source\ARM\startup_g
d32f30x_cl.s
   Uses
      At line 119 in file ..\..\Firmware\CMSIS\GD\GD32F30x\Source\ARM\startup_g
d32f30x_cl.s
      At line 252 in file ..\..\Firmware\CMSIS\GD\GD32F30x\Source\ARM\startup_g
d32f30x_cl.s

I2C0_EV_IRQHandler 0000001A

Symbol: I2C0_EV_IRQHandler
   Definitions
      At line 319 in file ..\..\Firmware\CMSIS\GD\GD32F30x\Source\ARM\startup_g
d32f30x_cl.s
   Uses
      At line 118 in file ..\..\Firmware\CMSIS\GD\GD32F30x\Source\ARM\startup_g
d32f30x_cl.s
      At line 251 in file ..\..\Firmware\CMSIS\GD\GD32F30x\Source\ARM\startup_g
d32f30x_cl.s

I2C1_ER_IRQHandler 0000001A

Symbol: I2C1_ER_IRQHandler
   Definitions
      At line 322 in file ..\..\Firmware\CMSIS\GD\GD32F30x\Source\ARM\startup_g
d32f30x_cl.s
   Uses
      At line 121 in file ..\..\Firmware\CMSIS\GD\GD32F30x\Source\ARM\startup_g
d32f30x_cl.s
      At line 254 in file ..\..\Firmware\CMSIS\GD\GD32F30x\Source\ARM\startup_g



ARM Macro Assembler    Page 9 Alphabetic symbol ordering
Relocatable symbols

d32f30x_cl.s

I2C1_EV_IRQHandler 0000001A

Symbol: I2C1_EV_IRQHandler
   Definitions
      At line 321 in file ..\..\Firmware\CMSIS\GD\GD32F30x\Source\ARM\startup_g
d32f30x_cl.s
   Uses
      At line 120 in file ..\..\Firmware\CMSIS\GD\GD32F30x\Source\ARM\startup_g
d32f30x_cl.s
      At line 253 in file ..\..\Firmware\CMSIS\GD\GD32F30x\Source\ARM\startup_g
d32f30x_cl.s

LVD_IRQHandler 0000001A

Symbol: LVD_IRQHandler
   Definitions
      At line 289 in file ..\..\Firmware\CMSIS\GD\GD32F30x\Source\ARM\startup_g
d32f30x_cl.s
   Uses
      At line 88 in file ..\..\Firmware\CMSIS\GD\GD32F30x\Source\ARM\startup_gd
32f30x_cl.s
      At line 221 in file ..\..\Firmware\CMSIS\GD\GD32F30x\Source\ARM\startup_g
d32f30x_cl.s

MemManage_Handler 0000000C

Symbol: MemManage_Handler
   Definitions
      At line 184 in file ..\..\Firmware\CMSIS\GD\GD32F30x\Source\ARM\startup_g
d32f30x_cl.s
   Uses
      At line 73 in file ..\..\Firmware\CMSIS\GD\GD32F30x\Source\ARM\startup_gd
32f30x_cl.s
      At line 185 in file ..\..\Firmware\CMSIS\GD\GD32F30x\Source\ARM\startup_g
d32f30x_cl.s

NMI_Handler 00000008

Symbol: NMI_Handler
   Definitions
      At line 174 in file ..\..\Firmware\CMSIS\GD\GD32F30x\Source\ARM\startup_g
d32f30x_cl.s
   Uses
      At line 71 in file ..\..\Firmware\CMSIS\GD\GD32F30x\Source\ARM\startup_gd
32f30x_cl.s
      At line 175 in file ..\..\Firmware\CMSIS\GD\GD32F30x\Source\ARM\startup_g
d32f30x_cl.s

PendSV_Handler 00000016

Symbol: PendSV_Handler
   Definitions
      At line 208 in file ..\..\Firmware\CMSIS\GD\GD32F30x\Source\ARM\startup_g
d32f30x_cl.s
   Uses
      At line 83 in file ..\..\Firmware\CMSIS\GD\GD32F30x\Source\ARM\startup_gd
32f30x_cl.s



ARM Macro Assembler    Page 10 Alphabetic symbol ordering
Relocatable symbols

      At line 209 in file ..\..\Firmware\CMSIS\GD\GD32F30x\Source\ARM\startup_g
d32f30x_cl.s

RCU_CTC_IRQHandler 0000001A

Symbol: RCU_CTC_IRQHandler
   Definitions
      At line 293 in file ..\..\Firmware\CMSIS\GD\GD32F30x\Source\ARM\startup_g
d32f30x_cl.s
   Uses
      At line 92 in file ..\..\Firmware\CMSIS\GD\GD32F30x\Source\ARM\startup_gd
32f30x_cl.s
      At line 225 in file ..\..\Firmware\CMSIS\GD\GD32F30x\Source\ARM\startup_g
d32f30x_cl.s

RTC_Alarm_IRQHandler 0000001A

Symbol: RTC_Alarm_IRQHandler
   Definitions
      At line 329 in file ..\..\Firmware\CMSIS\GD\GD32F30x\Source\ARM\startup_g
d32f30x_cl.s
   Uses
      At line 128 in file ..\..\Firmware\CMSIS\GD\GD32F30x\Source\ARM\startup_g
d32f30x_cl.s
      At line 261 in file ..\..\Firmware\CMSIS\GD\GD32F30x\Source\ARM\startup_g
d32f30x_cl.s

RTC_IRQHandler 0000001A

Symbol: RTC_IRQHandler
   Definitions
      At line 291 in file ..\..\Firmware\CMSIS\GD\GD32F30x\Source\ARM\startup_g
d32f30x_cl.s
   Uses
      At line 90 in file ..\..\Firmware\CMSIS\GD\GD32F30x\Source\ARM\startup_gd
32f30x_cl.s
      At line 223 in file ..\..\Firmware\CMSIS\GD\GD32F30x\Source\ARM\startup_g
d32f30x_cl.s

Reset_Handler 00000000

Symbol: Reset_Handler
   Definitions
      At line 163 in file ..\..\Firmware\CMSIS\GD\GD32F30x\Source\ARM\startup_g
d32f30x_cl.s
   Uses
      At line 70 in file ..\..\Firmware\CMSIS\GD\GD32F30x\Source\ARM\startup_gd
32f30x_cl.s
      At line 164 in file ..\..\Firmware\CMSIS\GD\GD32F30x\Source\ARM\startup_g
d32f30x_cl.s

SPI0_IRQHandler 0000001A

Symbol: SPI0_IRQHandler
   Definitions
      At line 323 in file ..\..\Firmware\CMSIS\GD\GD32F30x\Source\ARM\startup_g
d32f30x_cl.s
   Uses
      At line 122 in file ..\..\Firmware\CMSIS\GD\GD32F30x\Source\ARM\startup_g



ARM Macro Assembler    Page 11 Alphabetic symbol ordering
Relocatable symbols

d32f30x_cl.s
      At line 255 in file ..\..\Firmware\CMSIS\GD\GD32F30x\Source\ARM\startup_g
d32f30x_cl.s

SPI1_IRQHandler 0000001A

Symbol: SPI1_IRQHandler
   Definitions
      At line 324 in file ..\..\Firmware\CMSIS\GD\GD32F30x\Source\ARM\startup_g
d32f30x_cl.s
   Uses
      At line 123 in file ..\..\Firmware\CMSIS\GD\GD32F30x\Source\ARM\startup_g
d32f30x_cl.s
      At line 256 in file ..\..\Firmware\CMSIS\GD\GD32F30x\Source\ARM\startup_g
d32f30x_cl.s

SPI2_IRQHandler 0000001A

Symbol: SPI2_IRQHandler
   Definitions
      At line 337 in file ..\..\Firmware\CMSIS\GD\GD32F30x\Source\ARM\startup_g
d32f30x_cl.s
   Uses
      At line 138 in file ..\..\Firmware\CMSIS\GD\GD32F30x\Source\ARM\startup_g
d32f30x_cl.s
      At line 269 in file ..\..\Firmware\CMSIS\GD\GD32F30x\Source\ARM\startup_g
d32f30x_cl.s

SVC_Handler 00000012

Symbol: SVC_Handler
   Definitions
      At line 198 in file ..\..\Firmware\CMSIS\GD\GD32F30x\Source\ARM\startup_g
d32f30x_cl.s
   Uses
      At line 80 in file ..\..\Firmware\CMSIS\GD\GD32F30x\Source\ARM\startup_gd
32f30x_cl.s
      At line 199 in file ..\..\Firmware\CMSIS\GD\GD32F30x\Source\ARM\startup_g
d32f30x_cl.s

SysTick_Handler 00000018

Symbol: SysTick_Handler
   Definitions
      At line 213 in file ..\..\Firmware\CMSIS\GD\GD32F30x\Source\ARM\startup_g
d32f30x_cl.s
   Uses
      At line 84 in file ..\..\Firmware\CMSIS\GD\GD32F30x\Source\ARM\startup_gd
32f30x_cl.s
      At line 214 in file ..\..\Firmware\CMSIS\GD\GD32F30x\Source\ARM\startup_g
d32f30x_cl.s

TAMPER_IRQHandler 0000001A

Symbol: TAMPER_IRQHandler
   Definitions
      At line 290 in file ..\..\Firmware\CMSIS\GD\GD32F30x\Source\ARM\startup_g
d32f30x_cl.s
   Uses



ARM Macro Assembler    Page 12 Alphabetic symbol ordering
Relocatable symbols

      At line 89 in file ..\..\Firmware\CMSIS\GD\GD32F30x\Source\ARM\startup_gd
32f30x_cl.s
      At line 222 in file ..\..\Firmware\CMSIS\GD\GD32F30x\Source\ARM\startup_g
d32f30x_cl.s

TIMER0_BRK_TIMER8_IRQHandler 0000001A

Symbol: TIMER0_BRK_TIMER8_IRQHandler
   Definitions
      At line 312 in file ..\..\Firmware\CMSIS\GD\GD32F30x\Source\ARM\startup_g
d32f30x_cl.s
   Uses
      At line 111 in file ..\..\Firmware\CMSIS\GD\GD32F30x\Source\ARM\startup_g
d32f30x_cl.s
      At line 244 in file ..\..\Firmware\CMSIS\GD\GD32F30x\Source\ARM\startup_g
d32f30x_cl.s

TIMER0_Channel_IRQHandler 0000001A

Symbol: TIMER0_Channel_IRQHandler
   Definitions
      At line 315 in file ..\..\Firmware\CMSIS\GD\GD32F30x\Source\ARM\startup_g
d32f30x_cl.s
   Uses
      At line 114 in file ..\..\Firmware\CMSIS\GD\GD32F30x\Source\ARM\startup_g
d32f30x_cl.s
      At line 247 in file ..\..\Firmware\CMSIS\GD\GD32F30x\Source\ARM\startup_g
d32f30x_cl.s

TIMER0_TRG_CMT_TIMER10_IRQHandler 0000001A

Symbol: TIMER0_TRG_CMT_TIMER10_IRQHandler
   Definitions
      At line 314 in file ..\..\Firmware\CMSIS\GD\GD32F30x\Source\ARM\startup_g
d32f30x_cl.s
   Uses
      At line 113 in file ..\..\Firmware\CMSIS\GD\GD32F30x\Source\ARM\startup_g
d32f30x_cl.s
      At line 246 in file ..\..\Firmware\CMSIS\GD\GD32F30x\Source\ARM\startup_g
d32f30x_cl.s

TIMER0_UP_TIMER9_IRQHandler 0000001A

Symbol: TIMER0_UP_TIMER9_IRQHandler
   Definitions
      At line 313 in file ..\..\Firmware\CMSIS\GD\GD32F30x\Source\ARM\startup_g
d32f30x_cl.s
   Uses
      At line 112 in file ..\..\Firmware\CMSIS\GD\GD32F30x\Source\ARM\startup_g
d32f30x_cl.s
      At line 245 in file ..\..\Firmware\CMSIS\GD\GD32F30x\Source\ARM\startup_g
d32f30x_cl.s

TIMER1_IRQHandler 0000001A

Symbol: TIMER1_IRQHandler
   Definitions
      At line 316 in file ..\..\Firmware\CMSIS\GD\GD32F30x\Source\ARM\startup_g
d32f30x_cl.s



ARM Macro Assembler    Page 13 Alphabetic symbol ordering
Relocatable symbols

   Uses
      At line 115 in file ..\..\Firmware\CMSIS\GD\GD32F30x\Source\ARM\startup_g
d32f30x_cl.s
      At line 248 in file ..\..\Firmware\CMSIS\GD\GD32F30x\Source\ARM\startup_g
d32f30x_cl.s

TIMER2_IRQHandler 0000001A

Symbol: TIMER2_IRQHandler
   Definitions
      At line 317 in file ..\..\Firmware\CMSIS\GD\GD32F30x\Source\ARM\startup_g
d32f30x_cl.s
   Uses
      At line 116 in file ..\..\Firmware\CMSIS\GD\GD32F30x\Source\ARM\startup_g
d32f30x_cl.s
      At line 249 in file ..\..\Firmware\CMSIS\GD\GD32F30x\Source\ARM\startup_g
d32f30x_cl.s

TIMER3_IRQHandler 0000001A

Symbol: TIMER3_IRQHandler
   Definitions
      At line 318 in file ..\..\Firmware\CMSIS\GD\GD32F30x\Source\ARM\startup_g
d32f30x_cl.s
   Uses
      At line 117 in file ..\..\Firmware\CMSIS\GD\GD32F30x\Source\ARM\startup_g
d32f30x_cl.s
      At line 250 in file ..\..\Firmware\CMSIS\GD\GD32F30x\Source\ARM\startup_g
d32f30x_cl.s

TIMER4_IRQHandler 0000001A

Symbol: TIMER4_IRQHandler
   Definitions
      At line 336 in file ..\..\Firmware\CMSIS\GD\GD32F30x\Source\ARM\startup_g
d32f30x_cl.s
   Uses
      At line 137 in file ..\..\Firmware\CMSIS\GD\GD32F30x\Source\ARM\startup_g
d32f30x_cl.s
      At line 268 in file ..\..\Firmware\CMSIS\GD\GD32F30x\Source\ARM\startup_g
d32f30x_cl.s

TIMER5_IRQHandler 0000001A

Symbol: TIMER5_IRQHandler
   Definitions
      At line 340 in file ..\..\Firmware\CMSIS\GD\GD32F30x\Source\ARM\startup_g
d32f30x_cl.s
   Uses
      At line 141 in file ..\..\Firmware\CMSIS\GD\GD32F30x\Source\ARM\startup_g
d32f30x_cl.s
      At line 272 in file ..\..\Firmware\CMSIS\GD\GD32F30x\Source\ARM\startup_g
d32f30x_cl.s

TIMER6_IRQHandler 0000001A

Symbol: TIMER6_IRQHandler
   Definitions
      At line 341 in file ..\..\Firmware\CMSIS\GD\GD32F30x\Source\ARM\startup_g



ARM Macro Assembler    Page 14 Alphabetic symbol ordering
Relocatable symbols

d32f30x_cl.s
   Uses
      At line 142 in file ..\..\Firmware\CMSIS\GD\GD32F30x\Source\ARM\startup_g
d32f30x_cl.s
      At line 273 in file ..\..\Firmware\CMSIS\GD\GD32F30x\Source\ARM\startup_g
d32f30x_cl.s

TIMER7_BRK_TIMER11_IRQHandler 0000001A

Symbol: TIMER7_BRK_TIMER11_IRQHandler
   Definitions
      At line 331 in file ..\..\Firmware\CMSIS\GD\GD32F30x\Source\ARM\startup_g
d32f30x_cl.s
   Uses
      At line 130 in file ..\..\Firmware\CMSIS\GD\GD32F30x\Source\ARM\startup_g
d32f30x_cl.s
      At line 263 in file ..\..\Firmware\CMSIS\GD\GD32F30x\Source\ARM\startup_g
d32f30x_cl.s

TIMER7_Channel_IRQHandler 0000001A

Symbol: TIMER7_Channel_IRQHandler
   Definitions
      At line 334 in file ..\..\Firmware\CMSIS\GD\GD32F30x\Source\ARM\startup_g
d32f30x_cl.s
   Uses
      At line 133 in file ..\..\Firmware\CMSIS\GD\GD32F30x\Source\ARM\startup_g
d32f30x_cl.s
      At line 266 in file ..\..\Firmware\CMSIS\GD\GD32F30x\Source\ARM\startup_g
d32f30x_cl.s

TIMER7_TRG_CMT_TIMER13_IRQHandler 0000001A

Symbol: TIMER7_TRG_CMT_TIMER13_IRQHandler
   Definitions
      At line 333 in file ..\..\Firmware\CMSIS\GD\GD32F30x\Source\ARM\startup_g
d32f30x_cl.s
   Uses
      At line 132 in file ..\..\Firmware\CMSIS\GD\GD32F30x\Source\ARM\startup_g
d32f30x_cl.s
      At line 265 in file ..\..\Firmware\CMSIS\GD\GD32F30x\Source\ARM\startup_g
d32f30x_cl.s

TIMER7_UP_TIMER12_IRQHandler 0000001A

Symbol: TIMER7_UP_TIMER12_IRQHandler
   Definitions
      At line 332 in file ..\..\Firmware\CMSIS\GD\GD32F30x\Source\ARM\startup_g
d32f30x_cl.s
   Uses
      At line 131 in file ..\..\Firmware\CMSIS\GD\GD32F30x\Source\ARM\startup_g
d32f30x_cl.s
      At line 264 in file ..\..\Firmware\CMSIS\GD\GD32F30x\Source\ARM\startup_g
d32f30x_cl.s

UART3_IRQHandler 0000001A

Symbol: UART3_IRQHandler
   Definitions



ARM Macro Assembler    Page 15 Alphabetic symbol ordering
Relocatable symbols

      At line 338 in file ..\..\Firmware\CMSIS\GD\GD32F30x\Source\ARM\startup_g
d32f30x_cl.s
   Uses
      At line 139 in file ..\..\Firmware\CMSIS\GD\GD32F30x\Source\ARM\startup_g
d32f30x_cl.s
      At line 270 in file ..\..\Firmware\CMSIS\GD\GD32F30x\Source\ARM\startup_g
d32f30x_cl.s

UART4_IRQHandler 0000001A

Symbol: UART4_IRQHandler
   Definitions
      At line 339 in file ..\..\Firmware\CMSIS\GD\GD32F30x\Source\ARM\startup_g
d32f30x_cl.s
   Uses
      At line 140 in file ..\..\Firmware\CMSIS\GD\GD32F30x\Source\ARM\startup_g
d32f30x_cl.s
      At line 271 in file ..\..\Firmware\CMSIS\GD\GD32F30x\Source\ARM\startup_g
d32f30x_cl.s

USART0_IRQHandler 0000001A

Symbol: USART0_IRQHandler
   Definitions
      At line 325 in file ..\..\Firmware\CMSIS\GD\GD32F30x\Source\ARM\startup_g
d32f30x_cl.s
   Uses
      At line 124 in file ..\..\Firmware\CMSIS\GD\GD32F30x\Source\ARM\startup_g
d32f30x_cl.s
      At line 257 in file ..\..\Firmware\CMSIS\GD\GD32F30x\Source\ARM\startup_g
d32f30x_cl.s

USART1_IRQHandler 0000001A

Symbol: USART1_IRQHandler
   Definitions
      At line 326 in file ..\..\Firmware\CMSIS\GD\GD32F30x\Source\ARM\startup_g
d32f30x_cl.s
   Uses
      At line 125 in file ..\..\Firmware\CMSIS\GD\GD32F30x\Source\ARM\startup_g
d32f30x_cl.s
      At line 258 in file ..\..\Firmware\CMSIS\GD\GD32F30x\Source\ARM\startup_g
d32f30x_cl.s

USART2_IRQHandler 0000001A

Symbol: USART2_IRQHandler
   Definitions
      At line 327 in file ..\..\Firmware\CMSIS\GD\GD32F30x\Source\ARM\startup_g
d32f30x_cl.s
   Uses
      At line 126 in file ..\..\Firmware\CMSIS\GD\GD32F30x\Source\ARM\startup_g
d32f30x_cl.s
      At line 259 in file ..\..\Firmware\CMSIS\GD\GD32F30x\Source\ARM\startup_g
d32f30x_cl.s

USBFS_IRQHandler 0000001A

Symbol: USBFS_IRQHandler



ARM Macro Assembler    Page 16 Alphabetic symbol ordering
Relocatable symbols

   Definitions
      At line 353 in file ..\..\Firmware\CMSIS\GD\GD32F30x\Source\ARM\startup_g
d32f30x_cl.s
   Uses
      At line 154 in file ..\..\Firmware\CMSIS\GD\GD32F30x\Source\ARM\startup_g
d32f30x_cl.s
      At line 285 in file ..\..\Firmware\CMSIS\GD\GD32F30x\Source\ARM\startup_g
d32f30x_cl.s

USBFS_WKUP_IRQHandler 0000001A

Symbol: USBFS_WKUP_IRQHandler
   Definitions
      At line 330 in file ..\..\Firmware\CMSIS\GD\GD32F30x\Source\ARM\startup_g
d32f30x_cl.s
   Uses
      At line 129 in file ..\..\Firmware\CMSIS\GD\GD32F30x\Source\ARM\startup_g
d32f30x_cl.s
      At line 262 in file ..\..\Firmware\CMSIS\GD\GD32F30x\Source\ARM\startup_g
d32f30x_cl.s

UsageFault_Handler 00000010

Symbol: UsageFault_Handler
   Definitions
      At line 194 in file ..\..\Firmware\CMSIS\GD\GD32F30x\Source\ARM\startup_g
d32f30x_cl.s
   Uses
      At line 75 in file ..\..\Firmware\CMSIS\GD\GD32F30x\Source\ARM\startup_gd
32f30x_cl.s
      At line 195 in file ..\..\Firmware\CMSIS\GD\GD32F30x\Source\ARM\startup_g
d32f30x_cl.s

WWDGT_IRQHandler 0000001A

Symbol: WWDGT_IRQHandler
   Definitions
      At line 288 in file ..\..\Firmware\CMSIS\GD\GD32F30x\Source\ARM\startup_g
d32f30x_cl.s
   Uses
      At line 87 in file ..\..\Firmware\CMSIS\GD\GD32F30x\Source\ARM\startup_gd
32f30x_cl.s
      At line 220 in file ..\..\Firmware\CMSIS\GD\GD32F30x\Source\ARM\startup_g
d32f30x_cl.s

78 symbols



ARM Macro Assembler    Page 1 Alphabetic symbol ordering
Absolute symbols

Heap_Size 00000400

Symbol: Heap_Size
   Definitions
      At line 53 in file ..\..\Firmware\CMSIS\GD\GD32F30x\Source\ARM\startup_gd
32f30x_cl.s
   Uses
      At line 57 in file ..\..\Firmware\CMSIS\GD\GD32F30x\Source\ARM\startup_gd
32f30x_cl.s
Comment: Heap_Size used once
Stack_Size 00000400

Symbol: Stack_Size
   Definitions
      At line 42 in file ..\..\Firmware\CMSIS\GD\GD32F30x\Source\ARM\startup_gd
32f30x_cl.s
   Uses
      At line 45 in file ..\..\Firmware\CMSIS\GD\GD32F30x\Source\ARM\startup_gd
32f30x_cl.s
Comment: Stack_Size used once
__Vectors_Size 00000150

Symbol: __Vectors_Size
   Definitions
      At line 158 in file ..\..\Firmware\CMSIS\GD\GD32F30x\Source\ARM\startup_g
d32f30x_cl.s
   Uses
      At line 67 in file ..\..\Firmware\CMSIS\GD\GD32F30x\Source\ARM\startup_gd
32f30x_cl.s
Comment: __Vectors_Size used once
3 symbols



ARM Macro Assembler    Page 1 Alphabetic symbol ordering
External symbols

SystemInit 00000000

Symbol: SystemInit
   Definitions
      At line 165 in file ..\..\Firmware\CMSIS\GD\GD32F30x\Source\ARM\startup_g
d32f30x_cl.s
   Uses
      At line 167 in file ..\..\Firmware\CMSIS\GD\GD32F30x\Source\ARM\startup_g
d32f30x_cl.s
Comment: SystemInit used once
__main 00000000

Symbol: __main
   Definitions
      At line 166 in file ..\..\Firmware\CMSIS\GD\GD32F30x\Source\ARM\startup_g
d32f30x_cl.s
   Uses
      At line 169 in file ..\..\Firmware\CMSIS\GD\GD32F30x\Source\ARM\startup_g
d32f30x_cl.s
Comment: __main used once
2 symbols
430 symbols in table
